<?xml version="1.0" encoding="UTF-8"?>
<!-- Generated by org.testng.reporters.JUnitXMLReporter -->
<testsuite ignored="3" hostname="Aparna" failures="0" tests="1" name="Default test" time="1.25" errors="0" timestamp="2023-12-18T22:00:51 IST">
  <testcase classname="Day4.ParsingJsonResponseData" name="testJsonResponseDataPriceFromBokArray" time="1.214"/>
  <testcase classname="Day4.ParsingJsonResponseData" name="testJsonResponseData" time="0.0">
    <ignored/>
  </testcase> <!-- testJsonResponseData -->
  <testcase classname="Day4.ParsingJsonResponseData" name="testJsonResponse2" time="0.0">
    <ignored/>
  </testcase> <!-- testJsonResponse2 -->
  <testcase classname="Day4.ParsingJsonResponseData" name="testJsonResponse" time="0.0">
    <ignored/>
  </testcase> <!-- testJsonResponse -->
</testsuite> <!-- Default test -->
